<?xml version="1.0" encoding="UTF-8"?>
<!-- Generated by org.testng.reporters.JUnitReportReporter -->
<testsuite hostname="DESKTOP-EHGQ5KB" failures="0" tests="1" name="amazon.testcases.BrowseAmazonTestFirefox" time="19.351" errors="0" timestamp="2024-01-25T00:33:48 IST" skipped="0">
  <testcase classname="amazon.testcases.BrowseAmazonTestFirefox" name="BrowseApplication" time="19.351"/>
  <system-out/>
</testsuite> <!-- amazon.testcases.BrowseAmazonTestFirefox -->
